# JRE version: Java(TM) SE Runtime Environment (8.0_141-b15) (build 1.8.0_141-b15)
# Java VM: Java HotSpot(TM) 64-Bit Server VM (25.141-b15 mixed mode windows-amd64 compressed oops)
Heap:
 PSYoungGen      total 12800K, used 2839K [0x00000000eae00000, 0x00000000ebc80000, 0x0000000100000000)
  eden space 10752K, 19% used [0x00000000eae00000,0x00000000eb006d18,0x00000000eb880000)
  from space 2048K, 37% used [0x00000000eba80000,0x00000000ebb3ef08,0x00000000ebc80000)
  to   space 2048K, 0% used [0x00000000eb880000,0x00000000eb880000,0x00000000eba80000)
 ParOldGen       total 78848K, used 66761K [0x00000000c0a00000, 0x00000000c5700000, 0x00000000eae00000)
  object space 78848K, 84% used [0x00000000c0a00000,0x00000000c4b32418,0x00000000c5700000)
 Metaspace       used 30201K, capacity 30790K, committed 30896K, reserved 1077248K
  class space    used 3510K, capacity 3671K, committed 3760K, reserved 1048576K
GC Heap History (10 events):
Event: 6713.096 GC heap before
{Heap before GC invocations=1884 (full 6):
 PSYoungGen      total 12800K, used 10583K [0x00000000eae00000, 0x00000000ebc80000, 0x0000000100000000)
  eden space 10752K, 95% used [0x00000000eae00000,0x00000000eb8070d8,0x00000000eb880000)
  from space 2048K, 15% used [0x00000000eb880000,0x00000000eb8cede8,0x00000000eba80000)
  to   space 2048K, 0% used [0x00000000eba80000,0x00000000eba80000,0x00000000ebc80000)
 ParOldGen       total 78848K, used 66665K [0x00000000c0a00000, 0x00000000c5700000, 0x00000000eae00000)
  object space 78848K, 84% used [0x00000000c0a00000,0x00000000c4b1a418,0x00000000c5700000)
 Metaspace       used 30201K, capacity 30790K, committed 30896K, reserved 1077248K
  class space    used 3510K, capacity 3671K, committed 3760K, reserved 1048576K
Event: 6713.100 GC heap after
Heap after GC invocations=1884 (full 6):
 PSYoungGen      total 12800K, used 1275K [0x00000000eae00000, 0x00000000ebc80000, 0x0000000100000000)
  eden space 10752K, 0% used [0x00000000eae00000,0x00000000eae00000,0x00000000eb880000)
  from space 2048K, 62% used [0x00000000eba80000,0x00000000ebbbee10,0x00000000ebc80000)
  to   space 2048K, 0% used [0x00000000eb880000,0x00000000eb880000,0x00000000eba80000)
 ParOldGen       total 78848K, used 66689K [0x00000000c0a00000, 0x00000000c5700000, 0x00000000eae00000)
  object space 78848K, 84% used [0x00000000c0a00000,0x00000000c4b20418,0x00000000c5700000)
 Metaspace       used 30201K, capacity 30790K, committed 30896K, reserved 1077248K
  class space    used 3510K, capacity 3671K, committed 3760K, reserved 1048576K
}
Event: 6713.881 GC heap before
{Heap before GC invocations=1885 (full 6):
 PSYoungGen      total 12800K, used 11669K [0x00000000eae00000, 0x00000000ebc80000, 0x0000000100000000)
  eden space 10752K, 96% used [0x00000000eae00000,0x00000000eb8267f8,0x00000000eb880000)
  from space 2048K, 62% used [0x00000000eba80000,0x00000000ebbbee10,0x00000000ebc80000)
  to   space 2048K, 0% used [0x00000000eb880000,0x00000000eb880000,0x00000000eba80000)
 ParOldGen       total 78848K, used 66689K [0x00000000c0a00000, 0x00000000c5700000, 0x00000000eae00000)
  object space 78848K, 84% used [0x00000000c0a00000,0x00000000c4b20418,0x00000000c5700000)
 Metaspace       used 30201K, capacity 30790K, committed 30896K, reserved 1077248K
  class space    used 3510K, capacity 3671K, committed 3760K, reserved 1048576K
Event: 6713.887 GC heap after
Heap after GC invocations=1885 (full 6):
 PSYoungGen      total 12800K, used 1211K [0x00000000eae00000, 0x00000000ebc80000, 0x0000000100000000)
  eden space 10752K, 0% used [0x00000000eae00000,0x00000000eae00000,0x00000000eb880000)
  from space 2048K, 59% used [0x00000000eb880000,0x00000000eb9aee30,0x00000000eba80000)
  to   space 2048K, 0% used [0x00000000eba80000,0x00000000eba80000,0x00000000ebc80000)
 ParOldGen       total 78848K, used 66705K [0x00000000c0a00000, 0x00000000c5700000, 0x00000000eae00000)
  object space 78848K, 84% used [0x00000000c0a00000,0x00000000c4b24418,0x00000000c5700000)
 Metaspace       used 30201K, capacity 30790K, committed 30896K, reserved 1077248K
  class space    used 3510K, capacity 3671K, committed 3760K, reserved 1048576K
}
Event: 6714.837 GC heap before
{Heap before GC invocations=1886 (full 6):
 PSYoungGen      total 12800K, used 11963K [0x00000000eae00000, 0x00000000ebc80000, 0x0000000100000000)
  eden space 10752K, 100% used [0x00000000eae00000,0x00000000eb880000,0x00000000eb880000)
  from space 2048K, 59% used [0x00000000eb880000,0x00000000eb9aee30,0x00000000eba80000)
  to   space 2048K, 0% used [0x00000000eba80000,0x00000000eba80000,0x00000000ebc80000)
 ParOldGen       total 78848K, used 66705K [0x00000000c0a00000, 0x00000000c5700000, 0x00000000eae00000)
  object space 78848K, 84% used [0x00000000c0a00000,0x00000000c4b24418,0x00000000c5700000)
 Metaspace       used 30201K, capacity 30790K, committed 30896K, reserved 1077248K
  class space    used 3510K, capacity 3671K, committed 3760K, reserved 1048576K
Event: 6714.841 GC heap after
Heap after GC invocations=1886 (full 6):
 PSYoungGen      total 12800K, used 827K [0x00000000eae00000, 0x00000000ebc80000, 0x0000000100000000)
  eden space 10752K, 0% used [0x00000000eae00000,0x00000000eae00000,0x00000000eb880000)
  from space 2048K, 40% used [0x00000000eba80000,0x00000000ebb4ed48,0x00000000ebc80000)
  to   space 2048K, 0% used [0x00000000eb880000,0x00000000eb880000,0x00000000eba80000)
 ParOldGen       total 78848K, used 66729K [0x00000000c0a00000, 0x00000000c5700000, 0x00000000eae00000)
  object space 78848K, 84% used [0x00000000c0a00000,0x00000000c4b2a418,0x00000000c5700000)
 Metaspace       used 30201K, capacity 30790K, committed 30896K, reserved 1077248K
  class space    used 3510K, capacity 3671K, committed 3760K, reserved 1048576K
}
Event: 6715.709 GC heap before
{Heap before GC invocations=1887 (full 6):
 PSYoungGen      total 12800K, used 11518K [0x00000000eae00000, 0x00000000ebc80000, 0x0000000100000000)
  eden space 10752K, 99% used [0x00000000eae00000,0x00000000eb870ac0,0x00000000eb880000)
  from space 2048K, 40% used [0x00000000eba80000,0x00000000ebb4ed48,0x00000000ebc80000)
  to   space 2048K, 0% used [0x00000000eb880000,0x00000000eb880000,0x00000000eba80000)
 ParOldGen       total 78848K, used 66729K [0x00000000c0a00000, 0x00000000c5700000, 0x00000000eae00000)
  object space 78848K, 84% used [0x00000000c0a00000,0x00000000c4b2a418,0x00000000c5700000)
 Metaspace       used 30201K, capacity 30790K, committed 30896K, reserved 1077248K
  class space    used 3510K, capacity 3671K, committed 3760K, reserved 1048576K
Event: 6715.714 GC heap after
Heap after GC invocations=1887 (full 6):
 PSYoungGen      total 12800K, used 315K [0x00000000eae00000, 0x00000000ebc80000, 0x0000000100000000)
  eden space 10752K, 0% used [0x00000000eae00000,0x00000000eae00000,0x00000000eb880000)
  from space 2048K, 15% used [0x00000000eb880000,0x00000000eb8ceef0,0x00000000eba80000)
  to   space 2048K, 0% used [0x00000000eba80000,0x00000000eba80000,0x00000000ebc80000)
 ParOldGen       total 78848K, used 66745K [0x00000000c0a00000, 0x00000000c5700000, 0x00000000eae00000)
  object space 78848K, 84% used [0x00000000c0a00000,0x00000000c4b2e418,0x00000000c5700000)
 Metaspace       used 30201K, capacity 30790K, committed 30896K, reserved 1077248K
  class space    used 3510K, capacity 3671K, committed 3760K, reserved 1048576K
}
Event: 6716.499 GC heap before
{Heap before GC invocations=1888 (full 6):
 PSYoungGen      total 12800K, used 10574K [0x00000000eae00000, 0x00000000ebc80000, 0x0000000100000000)
  eden space 10752K, 95% used [0x00000000eae00000,0x00000000eb804a80,0x00000000eb880000)
  from space 2048K, 15% used [0x00000000eb880000,0x00000000eb8ceef0,0x00000000eba80000)
  to   space 2048K, 0% used [0x00000000eba80000,0x00000000eba80000,0x00000000ebc80000)
 ParOldGen       total 78848K, used 66745K [0x00000000c0a00000, 0x00000000c5700000, 0x00000000eae00000)
  object space 78848K, 84% used [0x00000000c0a00000,0x00000000c4b2e418,0x00000000c5700000)
 Metaspace       used 30201K, capacity 30790K, committed 30896K, reserved 1077248K
  class space    used 3510K, capacity 3671K, committed 3760K, reserved 1048576K
Event: 6716.504 GC heap after
Heap after GC invocations=1888 (full 6):
 PSYoungGen      total 12800K, used 763K [0x00000000eae00000, 0x00000000ebc80000, 0x0000000100000000)
  eden space 10752K, 0% used [0x00000000eae00000,0x00000000eae00000,0x00000000eb880000)
  from space 2048K, 37% used [0x00000000eba80000,0x00000000ebb3ef08,0x00000000ebc80000)
  to   space 2048K, 0% used [0x00000000eb880000,0x00000000eb880000,0x00000000eba80000)
 ParOldGen       total 78848K, used 66761K [0x00000000c0a00000, 0x00000000c5700000, 0x00000000eae00000)
  object space 78848K, 84% used [0x00000000c0a00000,0x00000000c4b32418,0x00000000c5700000)
 Metaspace       used 30201K, capacity 30790K, committed 30896K, reserved 1077248K
  class space    used 3510K, capacity 3671K, committed 3760K, reserved 1048576K
}

