<?xml version="1.0" encoding="UTF-8"?>
<!-- Generated by org.testng.reporters.JUnitXMLReporter -->
<testsuite ignored="0" hostname="MAA018013A" failures="0" tests="9" name="Default test" time="2484.988" errors="0" timestamp="2024-11-15T12:38:27 IST">
  <testcase classname="iTestcasesForCaptcha.AdminWithChallengeSystem" name="adminWithChallenge" time="173.114"/>
  <testcase classname="iTestcasesForCaptcha.AdminWithChallengeSystem" name="adminWithChallenge" time="168.383"/>
  <testcase classname="iTestcasesForCaptcha.AdminWithChallengeSystem" name="adminWithChallenge" time="261.1"/>
  <testcase classname="iTestcasesForCaptcha.AdminWithChallengeSystem" name="adminWithChallenge" time="270.155"/>
  <testcase classname="iTestcasesForCaptcha.AdminWithChallengeSystem" name="adminWithChallenge" time="278.364"/>
  <testcase classname="iTestcasesForCaptcha.AdminWithChallengeSystem" name="adminWithChallenge" time="347.689"/>
  <testcase classname="iTestcasesForCaptcha.AdminWithChallengeSystem" name="adminWithChallenge" time="362.295"/>
  <testcase classname="iTestcasesForCaptcha.AdminWithChallengeSystem" name="adminWithChallenge" time="291.245"/>
  <testcase classname="iTestcasesForCaptcha.AdminWithChallengeSystem" name="adminWithChallenge" time="331.612"/>
</testsuite> <!-- Default test -->
