<?xml version="1.0" encoding="UTF-8"?>
<!-- Generated by org.testng.reporters.JUnitXMLReporter -->
<testsuite hostname="MAA014482A" ignored="8" name="Test" tests="3" failures="2" timestamp="19 Mar 2020 10:57:47 GMT" time="202.611" errors="0">
  <testcase name="adminWithChallenge" time="129.77" classname="iTestcasesForCaptcha.AdminWithChallengeSystem"/>
  <testcase name="challengeSystemWithMaster" time="18.029" classname="iTestcasesForCaptcha.ChallengeSystemWithMaster">
    <failure type="org.openqa.selenium.NoSuchElementException" message="Cannot locate element with text: 404
For documentation on this error, please visit: http://seleniumhq.org/exceptions/no_such_element.html
Build info: version: &amp;apos;3.11.0&amp;apos;, revision: &amp;apos;e59cfb3&amp;apos;, time: &amp;apos;2018-03-11T20:26:55.152Z&amp;apos;
System info: host: &amp;apos;MAA014482A&amp;apos;, ip: &amp;apos;192.168.203.145&amp;apos;, os.name: &amp;apos;Windows 10&amp;apos;, os.arch: &amp;apos;amd64&amp;apos;, os.version: &amp;apos;10.0&amp;apos;, java.version: &amp;apos;1.8.0_131&amp;apos;
Driver info: driver.version: unknown">
      <![CDATA[org.openqa.selenium.NoSuchElementException: Cannot locate element with text: 404
For documentation on this error, please visit: http://seleniumhq.org/exceptions/no_such_element.html
Build info: version: '3.11.0', revision: 'e59cfb3', time: '2018-03-11T20:26:55.152Z'
System info: host: 'MAA014482A', ip: '192.168.203.145', os.name: 'Windows 10', os.arch: 'amd64', os.version: '10.0', java.version: '1.8.0_131'
Driver info: driver.version: unknown
at org.openqa.selenium.support.ui.Select.selectByVisibleText(Select.java:151)
at iTestMethodsForCaptcha.iTestMethods2.openMasterQPFF(iTestMethods2.java:122)
at iTestcasesForCaptcha.ChallengeSystemWithMaster.challengeSystemWithMaster(ChallengeSystemWithMaster.java:27)
... Removed 25 stack frames]]>
    </failure>
  </testcase> <!-- challengeSystemWithMaster -->
  <testcase name="adminLogin" time="53.447" classname="iTestcasesForCaptcha.BrokenLinkCheck">
    <failure type="org.openqa.selenium.NoSuchElementException" message="Cannot locate element with text: 404
For documentation on this error, please visit: http://seleniumhq.org/exceptions/no_such_element.html
Build info: version: &amp;apos;3.11.0&amp;apos;, revision: &amp;apos;e59cfb3&amp;apos;, time: &amp;apos;2018-03-11T20:26:55.152Z&amp;apos;
System info: host: &amp;apos;MAA014482A&amp;apos;, ip: &amp;apos;192.168.203.145&amp;apos;, os.name: &amp;apos;Windows 10&amp;apos;, os.arch: &amp;apos;amd64&amp;apos;, os.version: &amp;apos;10.0&amp;apos;, java.version: &amp;apos;1.8.0_131&amp;apos;
Driver info: driver.version: unknown">
      <![CDATA[org.openqa.selenium.NoSuchElementException: Cannot locate element with text: 404
For documentation on this error, please visit: http://seleniumhq.org/exceptions/no_such_element.html
Build info: version: '3.11.0', revision: 'e59cfb3', time: '2018-03-11T20:26:55.152Z'
System info: host: 'MAA014482A', ip: '192.168.203.145', os.name: 'Windows 10', os.arch: 'amd64', os.version: '10.0', java.version: '1.8.0_131'
Driver info: driver.version: unknown
at org.openqa.selenium.support.ui.Select.selectByVisibleText(Select.java:151)
at iTestMethodsForCaptcha.iTestMethods2.openMasterQPFF(iTestMethods2.java:122)
at iTestcasesForCaptcha.BrokenLinkCheck.adminLogin(BrokenLinkCheck.java:45)
... Removed 25 stack frames]]>
    </failure>
  </testcase> <!-- adminLogin -->
  <testcase name="@BeforeTest beforeTest" time="0.0" classname="iTestMethodsForCaptcha.ProjectMethods">
    <ignored/>
  </testcase> <!-- @BeforeTest beforeTest -->
  <testcase name="@BeforeTest beforeTest" time="0.0" classname="iTestMethodsForCaptcha.ProjectMethods">
    <ignored/>
  </testcase> <!-- @BeforeTest beforeTest -->
  <testcase name="@AfterTest afterTest" time="0.0" classname="iTestMethodsForCaptcha.ProjectMethods">
    <ignored/>
  </testcase> <!-- @AfterTest afterTest -->
  <testcase name="@AfterTest afterTest" time="0.0" classname="iTestMethodsForCaptcha.ProjectMethods">
    <ignored/>
  </testcase> <!-- @AfterTest afterTest -->
  <testcase name="@AfterSuite afterSuite" time="0.0" classname="iTestMethodsForCaptcha.ProjectMethods">
    <ignored/>
  </testcase> <!-- @AfterSuite afterSuite -->
  <testcase name="@AfterSuite afterSuite" time="0.0" classname="iTestMethodsForCaptcha.ProjectMethods">
    <ignored/>
  </testcase> <!-- @AfterSuite afterSuite -->
  <testcase name="@BeforeSuite beforeSuite" time="0.0" classname="iTestMethodsForCaptcha.ProjectMethods">
    <ignored/>
  </testcase> <!-- @BeforeSuite beforeSuite -->
  <testcase name="@BeforeSuite beforeSuite" time="0.0" classname="iTestMethodsForCaptcha.ProjectMethods">
    <ignored/>
  </testcase> <!-- @BeforeSuite beforeSuite -->
</testsuite> <!-- Test -->
