<?xml version="1.0" encoding="UTF-8"?>
<testng-results ignored="0" total="9" passed="9" failed="0" skipped="0">
  <reporter-output>
  </reporter-output>
  <suite started-at="2024-11-15T11:57:02 IST" name="Default suite" finished-at="2024-11-15T12:38:27 IST" duration-ms="2484988">
    <groups>
    </groups>
    <test started-at="2024-11-15T11:57:02 IST" name="Default test" finished-at="2024-11-15T12:38:27 IST" duration-ms="2484988">
      <class name="iTestcasesForCaptcha.AdminWithChallengeSystem">
        <test-method is-config="true" signature="beforeSuite()[pri:0, instance:iTestcasesForCaptcha.AdminWithChallengeSystem@43f02ef2]" started-at="2024-11-15T11:57:01 IST" name="beforeSuite" finished-at="2024-11-15T11:57:02 IST" duration-ms="1388" status="PASS">
          <reporter-output>
          </reporter-output>
        </test-method> <!-- beforeSuite -->
        <test-method is-config="true" signature="beforeTest()[pri:0, instance:iTestcasesForCaptcha.AdminWithChallengeSystem@43f02ef2]" started-at="2024-11-15T11:57:02 IST" name="beforeTest" finished-at="2024-11-15T11:57:02 IST" duration-ms="0" status="PASS">
          <reporter-output>
          </reporter-output>
        </test-method> <!-- beforeTest -->
        <test-method is-config="true" signature="setData()[pri:0, instance:iTestcasesForCaptcha.AdminWithChallengeSystem@43f02ef2]" started-at="2024-11-15T11:57:02 IST" name="setData" finished-at="2024-11-15T11:57:03 IST" duration-ms="555" status="PASS">
          <reporter-output>
          </reporter-output>
        </test-method> <!-- setData -->
        <test-method is-config="true" signature="beforeMethod()[pri:0, instance:iTestcasesForCaptcha.AdminWithChallengeSystem@43f02ef2]" started-at="2024-11-15T11:57:03 IST" name="beforeMethod" finished-at="2024-11-15T11:57:03 IST" duration-ms="1" status="PASS">
          <reporter-output>
          </reporter-output>
        </test-method> <!-- beforeMethod -->
        <test-method signature="adminWithChallenge(java.lang.String,java.lang.String,java.lang.String,java.lang.String,java.lang.String,java.lang.String,java.lang.String,java.lang.String,java.lang.String,java.lang.String,java.lang.String,java.lang.String)[pri:0, instance:iTestcasesForCaptcha.AdminWithChallengeSystem@43f02ef2]" started-at="2024-11-15T11:57:03 IST" name="adminWithChallenge" data-provider="fetchData" finished-at="2024-11-15T11:59:56 IST" duration-ms="173114" status="PASS">
          <params>
            <param index="0">
              <value>
                <![CDATA[http://202.191.132.32/postCommon//adminlogin.php]]>
              </value>
            </param>
            <param index="1">
              <value>
                <![CDATA[biharadmin]]>
              </value>
            </param>
            <param index="2">
              <value>
                <![CDATA[biharadmin]]>
              </value>
            </param>
            <param index="3">
              <value>
                <![CDATA[https://regdemo.sifyitest.com/bsebregjan24/ccgsa_nov24/login.php?appid=5507def6986d366e5daf0dcb4d493b17]]>
              </value>
            </param>
            <param index="4">
              <value>
                <![CDATA[13_11_2024]]>
              </value>
            </param>
            <param index="5">
              <value>
                <![CDATA[3000]]>
              </value>
            </param>
            <param index="6">
              <value>
                <![CDATA[3004]]>
              </value>
            </param>
            <param index="7">
              <value>
                <![CDATA[830038137]]>
              </value>
            </param>
            <param index="8">
              <value>
                <![CDATA[02021975]]>
              </value>
            </param>
            <param index="9">
              <value>
                <![CDATA[13-11-2024]]>
              </value>
            </param>
            <param index="10">
              <value>
                <![CDATA[http://202.191.132.32/postExam/qp_check_dashboard.php?exam=Q1RUSUlSRUVYQU0=]]>
              </value>
            </param>
            <param index="11">
              <value>
                <![CDATA[http://202.191.132.32/postExam/reportsFile/audit_report.php]]>
              </value>
            </param>
          </params>
          <reporter-output>
          </reporter-output>
        </test-method> <!-- adminWithChallenge -->
        <test-method signature="adminWithChallenge(java.lang.String,java.lang.String,java.lang.String,java.lang.String,java.lang.String,java.lang.String,java.lang.String,java.lang.String,java.lang.String,java.lang.String,java.lang.String,java.lang.String)[pri:0, instance:iTestcasesForCaptcha.AdminWithChallengeSystem@43f02ef2]" started-at="2024-11-15T11:59:56 IST" name="adminWithChallenge" data-provider="fetchData" finished-at="2024-11-15T12:02:44 IST" duration-ms="168383" status="PASS">
          <params>
            <param index="0">
              <value>
                <![CDATA[http://202.191.132.32/postCommon//adminlogin.php]]>
              </value>
            </param>
            <param index="1">
              <value>
                <![CDATA[biharadmin]]>
              </value>
            </param>
            <param index="2">
              <value>
                <![CDATA[biharadmin]]>
              </value>
            </param>
            <param index="3">
              <value>
                <![CDATA[https://regdemo.sifyitest.com/bsebregjan24/ccgsa_nov24/login.php?appid=5507def6986d366e5daf0dcb4d493b17]]>
              </value>
            </param>
            <param index="4">
              <value>
                <![CDATA[13_11_2024]]>
              </value>
            </param>
            <param index="5">
              <value>
                <![CDATA[3000]]>
              </value>
            </param>
            <param index="6">
              <value>
                <![CDATA[3004]]>
              </value>
            </param>
            <param index="7">
              <value>
                <![CDATA[510010360]]>
              </value>
            </param>
            <param index="8">
              <value>
                <![CDATA[11011984]]>
              </value>
            </param>
            <param index="9">
              <value>
                <![CDATA[13-11-2024]]>
              </value>
            </param>
            <param index="10">
              <value>
                <![CDATA[http://202.191.132.32/postExam/qp_check_dashboard.php?exam=Q1RUSUlSRUVYQU0=]]>
              </value>
            </param>
            <param index="11">
              <value>
                <![CDATA[http://202.191.132.32/postExam/reportsFile/audit_report.php]]>
              </value>
            </param>
          </params>
          <reporter-output>
          </reporter-output>
        </test-method> <!-- adminWithChallenge -->
        <test-method is-config="true" signature="afterMethod()[pri:0, instance:iTestcasesForCaptcha.AdminWithChallengeSystem@43f02ef2]" started-at="2024-11-15T11:59:56 IST" name="afterMethod" finished-at="2024-11-15T11:59:56 IST" duration-ms="0" status="PASS">
          <reporter-output>
          </reporter-output>
        </test-method> <!-- afterMethod -->
        <test-method is-config="true" signature="beforeMethod()[pri:0, instance:iTestcasesForCaptcha.AdminWithChallengeSystem@43f02ef2]" started-at="2024-11-15T11:59:56 IST" name="beforeMethod" finished-at="2024-11-15T11:59:56 IST" duration-ms="0" status="PASS">
          <reporter-output>
          </reporter-output>
        </test-method> <!-- beforeMethod -->
        <test-method is-config="true" signature="afterMethod()[pri:0, instance:iTestcasesForCaptcha.AdminWithChallengeSystem@43f02ef2]" started-at="2024-11-15T12:02:44 IST" name="afterMethod" finished-at="2024-11-15T12:02:44 IST" duration-ms="1" status="PASS">
          <reporter-output>
          </reporter-output>
        </test-method> <!-- afterMethod -->
        <test-method is-config="true" signature="beforeMethod()[pri:0, instance:iTestcasesForCaptcha.AdminWithChallengeSystem@43f02ef2]" started-at="2024-11-15T12:02:44 IST" name="beforeMethod" finished-at="2024-11-15T12:02:44 IST" duration-ms="1" status="PASS">
          <reporter-output>
          </reporter-output>
        </test-method> <!-- beforeMethod -->
        <test-method signature="adminWithChallenge(java.lang.String,java.lang.String,java.lang.String,java.lang.String,java.lang.String,java.lang.String,java.lang.String,java.lang.String,java.lang.String,java.lang.String,java.lang.String,java.lang.String)[pri:0, instance:iTestcasesForCaptcha.AdminWithChallengeSystem@43f02ef2]" started-at="2024-11-15T12:02:44 IST" name="adminWithChallenge" data-provider="fetchData" finished-at="2024-11-15T12:07:05 IST" duration-ms="261100" status="PASS">
          <params>
            <param index="0">
              <value>
                <![CDATA[http://202.191.132.32/postCommon//adminlogin.php]]>
              </value>
            </param>
            <param index="1">
              <value>
                <![CDATA[biharadmin]]>
              </value>
            </param>
            <param index="2">
              <value>
                <![CDATA[biharadmin]]>
              </value>
            </param>
            <param index="3">
              <value>
                <![CDATA[https://regdemo.sifyitest.com/bsebregjan24/ccgsa_nov24/login.php?appid=5507def6986d366e5daf0dcb4d493b17]]>
              </value>
            </param>
            <param index="4">
              <value>
                <![CDATA[13_11_2024]]>
              </value>
            </param>
            <param index="5">
              <value>
                <![CDATA[3000]]>
              </value>
            </param>
            <param index="6">
              <value>
                <![CDATA[3009]]>
              </value>
            </param>
            <param index="7">
              <value>
                <![CDATA[410054468]]>
              </value>
            </param>
            <param index="8">
              <value>
                <![CDATA[14081978]]>
              </value>
            </param>
            <param index="9">
              <value>
                <![CDATA[13-11-2024]]>
              </value>
            </param>
            <param index="10">
              <value>
                <![CDATA[http://202.191.132.32/postExam/qp_check_dashboard.php?exam=Q1RUSUlSRUVYQU0=]]>
              </value>
            </param>
            <param index="11">
              <value>
                <![CDATA[http://202.191.132.32/postExam/reportsFile/audit_report.php]]>
              </value>
            </param>
          </params>
          <reporter-output>
          </reporter-output>
        </test-method> <!-- adminWithChallenge -->
        <test-method is-config="true" signature="afterMethod()[pri:0, instance:iTestcasesForCaptcha.AdminWithChallengeSystem@43f02ef2]" started-at="2024-11-15T12:07:05 IST" name="afterMethod" finished-at="2024-11-15T12:07:05 IST" duration-ms="6" status="PASS">
          <reporter-output>
          </reporter-output>
        </test-method> <!-- afterMethod -->
        <test-method is-config="true" signature="beforeMethod()[pri:0, instance:iTestcasesForCaptcha.AdminWithChallengeSystem@43f02ef2]" started-at="2024-11-15T12:07:05 IST" name="beforeMethod" finished-at="2024-11-15T12:07:05 IST" duration-ms="2" status="PASS">
          <reporter-output>
          </reporter-output>
        </test-method> <!-- beforeMethod -->
        <test-method signature="adminWithChallenge(java.lang.String,java.lang.String,java.lang.String,java.lang.String,java.lang.String,java.lang.String,java.lang.String,java.lang.String,java.lang.String,java.lang.String,java.lang.String,java.lang.String)[pri:0, instance:iTestcasesForCaptcha.AdminWithChallengeSystem@43f02ef2]" started-at="2024-11-15T12:07:05 IST" name="adminWithChallenge" data-provider="fetchData" finished-at="2024-11-15T12:11:36 IST" duration-ms="270155" status="PASS">
          <params>
            <param index="0">
              <value>
                <![CDATA[http://202.191.132.32/postCommon//adminlogin.php]]>
              </value>
            </param>
            <param index="1">
              <value>
                <![CDATA[biharadmin]]>
              </value>
            </param>
            <param index="2">
              <value>
                <![CDATA[biharadmin]]>
              </value>
            </param>
            <param index="3">
              <value>
                <![CDATA[https://regdemo.sifyitest.com/bsebregjan24/ccgsa_nov24/login.php?appid=5507def6986d366e5daf0dcb4d493b17]]>
              </value>
            </param>
            <param index="4">
              <value>
                <![CDATA[13_11_2024]]>
              </value>
            </param>
            <param index="5">
              <value>
                <![CDATA[3000]]>
              </value>
            </param>
            <param index="6">
              <value>
                <![CDATA[3009]]>
              </value>
            </param>
            <param index="7">
              <value>
                <![CDATA[250057613]]>
              </value>
            </param>
            <param index="8">
              <value>
                <![CDATA[05021979]]>
              </value>
            </param>
            <param index="9">
              <value>
                <![CDATA[13-11-2024]]>
              </value>
            </param>
            <param index="10">
              <value>
                <![CDATA[http://202.191.132.32/postExam/qp_check_dashboard.php?exam=Q1RUSUlSRUVYQU0=]]>
              </value>
            </param>
            <param index="11">
              <value>
                <![CDATA[http://202.191.132.32/postExam/reportsFile/audit_report.php]]>
              </value>
            </param>
          </params>
          <reporter-output>
          </reporter-output>
        </test-method> <!-- adminWithChallenge -->
        <test-method signature="adminWithChallenge(java.lang.String,java.lang.String,java.lang.String,java.lang.String,java.lang.String,java.lang.String,java.lang.String,java.lang.String,java.lang.String,java.lang.String,java.lang.String,java.lang.String)[pri:0, instance:iTestcasesForCaptcha.AdminWithChallengeSystem@43f02ef2]" started-at="2024-11-15T12:11:36 IST" name="adminWithChallenge" data-provider="fetchData" finished-at="2024-11-15T12:16:14 IST" duration-ms="278364" status="PASS">
          <params>
            <param index="0">
              <value>
                <![CDATA[http://202.191.132.32/postCommon//adminlogin.php]]>
              </value>
            </param>
            <param index="1">
              <value>
                <![CDATA[biharadmin]]>
              </value>
            </param>
            <param index="2">
              <value>
                <![CDATA[biharadmin]]>
              </value>
            </param>
            <param index="3">
              <value>
                <![CDATA[https://regdemo.sifyitest.com/bsebregjan24/ccgsa_nov24/login.php?appid=5507def6986d366e5daf0dcb4d493b17]]>
              </value>
            </param>
            <param index="4">
              <value>
                <![CDATA[13_11_2024]]>
              </value>
            </param>
            <param index="5">
              <value>
                <![CDATA[3000]]>
              </value>
            </param>
            <param index="6">
              <value>
                <![CDATA[3011]]>
              </value>
            </param>
            <param index="7">
              <value>
                <![CDATA[340025834]]>
              </value>
            </param>
            <param index="8">
              <value>
                <![CDATA[01031977]]>
              </value>
            </param>
            <param index="9">
              <value>
                <![CDATA[13-11-2024]]>
              </value>
            </param>
            <param index="10">
              <value>
                <![CDATA[http://202.191.132.32/postExam/qp_check_dashboard.php?exam=Q1RUSUlSRUVYQU0=]]>
              </value>
            </param>
            <param index="11">
              <value>
                <![CDATA[http://202.191.132.32/postExam/reportsFile/audit_report.php]]>
              </value>
            </param>
          </params>
          <reporter-output>
          </reporter-output>
        </test-method> <!-- adminWithChallenge -->
        <test-method is-config="true" signature="beforeMethod()[pri:0, instance:iTestcasesForCaptcha.AdminWithChallengeSystem@43f02ef2]" started-at="2024-11-15T12:11:36 IST" name="beforeMethod" finished-at="2024-11-15T12:11:36 IST" duration-ms="0" status="PASS">
          <reporter-output>
          </reporter-output>
        </test-method> <!-- beforeMethod -->
        <test-method is-config="true" signature="afterMethod()[pri:0, instance:iTestcasesForCaptcha.AdminWithChallengeSystem@43f02ef2]" started-at="2024-11-15T12:11:36 IST" name="afterMethod" finished-at="2024-11-15T12:11:36 IST" duration-ms="0" status="PASS">
          <reporter-output>
          </reporter-output>
        </test-method> <!-- afterMethod -->
        <test-method is-config="true" signature="afterMethod()[pri:0, instance:iTestcasesForCaptcha.AdminWithChallengeSystem@43f02ef2]" started-at="2024-11-15T12:16:14 IST" name="afterMethod" finished-at="2024-11-15T12:16:14 IST" duration-ms="7" status="PASS">
          <reporter-output>
          </reporter-output>
        </test-method> <!-- afterMethod -->
        <test-method is-config="true" signature="beforeMethod()[pri:0, instance:iTestcasesForCaptcha.AdminWithChallengeSystem@43f02ef2]" started-at="2024-11-15T12:16:14 IST" name="beforeMethod" finished-at="2024-11-15T12:16:14 IST" duration-ms="1" status="PASS">
          <reporter-output>
          </reporter-output>
        </test-method> <!-- beforeMethod -->
        <test-method signature="adminWithChallenge(java.lang.String,java.lang.String,java.lang.String,java.lang.String,java.lang.String,java.lang.String,java.lang.String,java.lang.String,java.lang.String,java.lang.String,java.lang.String,java.lang.String)[pri:0, instance:iTestcasesForCaptcha.AdminWithChallengeSystem@43f02ef2]" started-at="2024-11-15T12:16:14 IST" name="adminWithChallenge" data-provider="fetchData" finished-at="2024-11-15T12:22:02 IST" duration-ms="347689" status="PASS">
          <params>
            <param index="0">
              <value>
                <![CDATA[http://202.191.132.32/postCommon//adminlogin.php]]>
              </value>
            </param>
            <param index="1">
              <value>
                <![CDATA[biharadmin]]>
              </value>
            </param>
            <param index="2">
              <value>
                <![CDATA[biharadmin]]>
              </value>
            </param>
            <param index="3">
              <value>
                <![CDATA[https://regdemo.sifyitest.com/bsebregjan24/ccgsa_nov24/login.php?appid=5507def6986d366e5daf0dcb4d493b17]]>
              </value>
            </param>
            <param index="4">
              <value>
                <![CDATA[13_11_2024]]>
              </value>
            </param>
            <param index="5">
              <value>
                <![CDATA[3000]]>
              </value>
            </param>
            <param index="6">
              <value>
                <![CDATA[3011]]>
              </value>
            </param>
            <param index="7">
              <value>
                <![CDATA[340030530]]>
              </value>
            </param>
            <param index="8">
              <value>
                <![CDATA[10091978]]>
              </value>
            </param>
            <param index="9">
              <value>
                <![CDATA[13-11-2024]]>
              </value>
            </param>
            <param index="10">
              <value>
                <![CDATA[http://202.191.132.32/postExam/qp_check_dashboard.php?exam=Q1RUSUlSRUVYQU0=]]>
              </value>
            </param>
            <param index="11">
              <value>
                <![CDATA[http://202.191.132.32/postExam/reportsFile/audit_report.php]]>
              </value>
            </param>
          </params>
          <reporter-output>
          </reporter-output>
        </test-method> <!-- adminWithChallenge -->
        <test-method signature="adminWithChallenge(java.lang.String,java.lang.String,java.lang.String,java.lang.String,java.lang.String,java.lang.String,java.lang.String,java.lang.String,java.lang.String,java.lang.String,java.lang.String,java.lang.String)[pri:0, instance:iTestcasesForCaptcha.AdminWithChallengeSystem@43f02ef2]" started-at="2024-11-15T12:22:02 IST" name="adminWithChallenge" data-provider="fetchData" finished-at="2024-11-15T12:28:04 IST" duration-ms="362295" status="PASS">
          <params>
            <param index="0">
              <value>
                <![CDATA[http://202.191.132.32/postCommon//adminlogin.php]]>
              </value>
            </param>
            <param index="1">
              <value>
                <![CDATA[biharadmin]]>
              </value>
            </param>
            <param index="2">
              <value>
                <![CDATA[biharadmin]]>
              </value>
            </param>
            <param index="3">
              <value>
                <![CDATA[https://regdemo.sifyitest.com/bsebregjan24/ccgsa_nov24/login.php?appid=5507def6986d366e5daf0dcb4d493b17]]>
              </value>
            </param>
            <param index="4">
              <value>
                <![CDATA[13_11_2024]]>
              </value>
            </param>
            <param index="5">
              <value>
                <![CDATA[3000]]>
              </value>
            </param>
            <param index="6">
              <value>
                <![CDATA[3015]]>
              </value>
            </param>
            <param index="7">
              <value>
                <![CDATA[210044132]]>
              </value>
            </param>
            <param index="8">
              <value>
                <![CDATA[02031990]]>
              </value>
            </param>
            <param index="9">
              <value>
                <![CDATA[13-11-2024]]>
              </value>
            </param>
            <param index="10">
              <value>
                <![CDATA[http://202.191.132.32/postExam/qp_check_dashboard.php?exam=Q1RUSUlSRUVYQU0=]]>
              </value>
            </param>
            <param index="11">
              <value>
                <![CDATA[http://202.191.132.32/postExam/reportsFile/audit_report.php]]>
              </value>
            </param>
          </params>
          <reporter-output>
          </reporter-output>
        </test-method> <!-- adminWithChallenge -->
        <test-method is-config="true" signature="afterMethod()[pri:0, instance:iTestcasesForCaptcha.AdminWithChallengeSystem@43f02ef2]" started-at="2024-11-15T12:22:02 IST" name="afterMethod" finished-at="2024-11-15T12:22:02 IST" duration-ms="0" status="PASS">
          <reporter-output>
          </reporter-output>
        </test-method> <!-- afterMethod -->
        <test-method is-config="true" signature="beforeMethod()[pri:0, instance:iTestcasesForCaptcha.AdminWithChallengeSystem@43f02ef2]" started-at="2024-11-15T12:22:02 IST" name="beforeMethod" finished-at="2024-11-15T12:22:02 IST" duration-ms="0" status="PASS">
          <reporter-output>
          </reporter-output>
        </test-method> <!-- beforeMethod -->
        <test-method is-config="true" signature="afterMethod()[pri:0, instance:iTestcasesForCaptcha.AdminWithChallengeSystem@43f02ef2]" started-at="2024-11-15T12:28:04 IST" name="afterMethod" finished-at="2024-11-15T12:28:04 IST" duration-ms="15" status="PASS">
          <reporter-output>
          </reporter-output>
        </test-method> <!-- afterMethod -->
        <test-method signature="adminWithChallenge(java.lang.String,java.lang.String,java.lang.String,java.lang.String,java.lang.String,java.lang.String,java.lang.String,java.lang.String,java.lang.String,java.lang.String,java.lang.String,java.lang.String)[pri:0, instance:iTestcasesForCaptcha.AdminWithChallengeSystem@43f02ef2]" started-at="2024-11-15T12:28:04 IST" name="adminWithChallenge" data-provider="fetchData" finished-at="2024-11-15T12:32:55 IST" duration-ms="291245" status="PASS">
          <params>
            <param index="0">
              <value>
                <![CDATA[http://202.191.132.32/postCommon//adminlogin.php]]>
              </value>
            </param>
            <param index="1">
              <value>
                <![CDATA[biharadmin]]>
              </value>
            </param>
            <param index="2">
              <value>
                <![CDATA[biharadmin]]>
              </value>
            </param>
            <param index="3">
              <value>
                <![CDATA[https://regdemo.sifyitest.com/bsebregjan24/ccgsa_nov24/login.php?appid=5507def6986d366e5daf0dcb4d493b17]]>
              </value>
            </param>
            <param index="4">
              <value>
                <![CDATA[13_11_2024]]>
              </value>
            </param>
            <param index="5">
              <value>
                <![CDATA[3000]]>
              </value>
            </param>
            <param index="6">
              <value>
                <![CDATA[3015]]>
              </value>
            </param>
            <param index="7">
              <value>
                <![CDATA[210069478]]>
              </value>
            </param>
            <param index="8">
              <value>
                <![CDATA[07091973]]>
              </value>
            </param>
            <param index="9">
              <value>
                <![CDATA[13-11-2024]]>
              </value>
            </param>
            <param index="10">
              <value>
                <![CDATA[http://202.191.132.32/postExam/qp_check_dashboard.php?exam=Q1RUSUlSRUVYQU0=]]>
              </value>
            </param>
            <param index="11">
              <value>
                <![CDATA[http://202.191.132.32/postExam/reportsFile/audit_report.php]]>
              </value>
            </param>
          </params>
          <reporter-output>
          </reporter-output>
        </test-method> <!-- adminWithChallenge -->
        <test-method is-config="true" signature="beforeMethod()[pri:0, instance:iTestcasesForCaptcha.AdminWithChallengeSystem@43f02ef2]" started-at="2024-11-15T12:28:04 IST" name="beforeMethod" finished-at="2024-11-15T12:28:04 IST" duration-ms="0" status="PASS">
          <reporter-output>
          </reporter-output>
        </test-method> <!-- beforeMethod -->
        <test-method is-config="true" signature="beforeMethod()[pri:0, instance:iTestcasesForCaptcha.AdminWithChallengeSystem@43f02ef2]" started-at="2024-11-15T12:32:55 IST" name="beforeMethod" finished-at="2024-11-15T12:32:55 IST" duration-ms="16" status="PASS">
          <reporter-output>
          </reporter-output>
        </test-method> <!-- beforeMethod -->
        <test-method is-config="true" signature="afterMethod()[pri:0, instance:iTestcasesForCaptcha.AdminWithChallengeSystem@43f02ef2]" started-at="2024-11-15T12:32:55 IST" name="afterMethod" finished-at="2024-11-15T12:32:55 IST" duration-ms="0" status="PASS">
          <reporter-output>
          </reporter-output>
        </test-method> <!-- afterMethod -->
        <test-method signature="adminWithChallenge(java.lang.String,java.lang.String,java.lang.String,java.lang.String,java.lang.String,java.lang.String,java.lang.String,java.lang.String,java.lang.String,java.lang.String,java.lang.String,java.lang.String)[pri:0, instance:iTestcasesForCaptcha.AdminWithChallengeSystem@43f02ef2]" started-at="2024-11-15T12:32:55 IST" name="adminWithChallenge" data-provider="fetchData" finished-at="2024-11-15T12:38:27 IST" duration-ms="331612" status="PASS">
          <params>
            <param index="0">
              <value>
                <![CDATA[http://202.191.132.32/postCommon//adminlogin.php]]>
              </value>
            </param>
            <param index="1">
              <value>
                <![CDATA[biharadmin]]>
              </value>
            </param>
            <param index="2">
              <value>
                <![CDATA[biharadmin]]>
              </value>
            </param>
            <param index="3">
              <value>
                <![CDATA[https://regdemo.sifyitest.com/bsebregjan24/ccgsa_nov24/login.php?appid=5507def6986d366e5daf0dcb4d493b17]]>
              </value>
            </param>
            <param index="4">
              <value>
                <![CDATA[13_11_2024]]>
              </value>
            </param>
            <param index="5">
              <value>
                <![CDATA[3000]]>
              </value>
            </param>
            <param index="6">
              <value>
                <![CDATA[3017]]>
              </value>
            </param>
            <param index="7">
              <value>
                <![CDATA[150011340]]>
              </value>
            </param>
            <param index="8">
              <value>
                <![CDATA[15101972]]>
              </value>
            </param>
            <param index="9">
              <value>
                <![CDATA[13-11-2024]]>
              </value>
            </param>
            <param index="10">
              <value>
                <![CDATA[http://202.191.132.32/postExam/qp_check_dashboard.php?exam=Q1RUSUlSRUVYQU0=]]>
              </value>
            </param>
            <param index="11">
              <value>
                <![CDATA[http://202.191.132.32/postExam/reportsFile/audit_report.php]]>
              </value>
            </param>
          </params>
          <reporter-output>
          </reporter-output>
        </test-method> <!-- adminWithChallenge -->
        <test-method is-config="true" signature="afterMethod()[pri:0, instance:iTestcasesForCaptcha.AdminWithChallengeSystem@43f02ef2]" started-at="2024-11-15T12:38:27 IST" name="afterMethod" finished-at="2024-11-15T12:38:27 IST" duration-ms="0" status="PASS">
          <reporter-output>
          </reporter-output>
        </test-method> <!-- afterMethod -->
        <test-method is-config="true" signature="afterTest()[pri:0, instance:iTestcasesForCaptcha.AdminWithChallengeSystem@43f02ef2]" started-at="2024-11-15T12:38:27 IST" name="afterTest" finished-at="2024-11-15T12:38:27 IST" duration-ms="0" status="PASS">
          <reporter-output>
          </reporter-output>
        </test-method> <!-- afterTest -->
        <test-method is-config="true" signature="afterSuite()[pri:0, instance:iTestcasesForCaptcha.AdminWithChallengeSystem@43f02ef2]" started-at="2024-11-15T12:38:27 IST" name="afterSuite" finished-at="2024-11-15T12:38:28 IST" duration-ms="871" status="PASS">
          <reporter-output>
          </reporter-output>
        </test-method> <!-- afterSuite -->
      </class> <!-- iTestcasesForCaptcha.AdminWithChallengeSystem -->
    </test> <!-- Default test -->
  </suite> <!-- Default suite -->
</testng-results>
