<?xml version="1.0" encoding="UTF-8"?>
<!-- Generated by org.testng.reporters.JUnitReportReporter -->
<testsuite skipped="0" hostname="MAA014482A" name="iTestcasesForCaptcha.BrokenLinkCheck" tests="7" failures="0" timestamp="31 Dec 2021 12:44:29 GMT" time="638.591" errors="0">
  <testcase name="adminLogin" time="110.403" classname="iTestcasesForCaptcha.BrokenLinkCheck"/>
  <testcase name="adminLogin" time="112.294" classname="iTestcasesForCaptcha.BrokenLinkCheck"/>
  <testcase name="adminLogin" time="76.905" classname="iTestcasesForCaptcha.BrokenLinkCheck"/>
  <testcase name="adminLogin" time="77.935" classname="iTestcasesForCaptcha.BrokenLinkCheck"/>
  <testcase name="adminLogin" time="78.532" classname="iTestcasesForCaptcha.BrokenLinkCheck"/>
  <testcase name="adminLogin" time="104.721" classname="iTestcasesForCaptcha.BrokenLinkCheck"/>
  <testcase name="adminLogin" time="77.801" classname="iTestcasesForCaptcha.BrokenLinkCheck"/>
</testsuite> <!-- iTestcasesForCaptcha.BrokenLinkCheck -->
