<?xml version="1.0" encoding="UTF-8"?>
<!-- Generated by org.testng.reporters.JUnitReportReporter -->
<testsuite skipped="0" hostname="MAA011276A" name="testcases.contact.TC001_CreateContact" tests="2" failures="0" timestamp="28 Feb 2018 13:09:01 GMT" time="107.092" errors="0">
  <testcase name="createcontact" time="66.016" classname="testcases.contact.TC001_CreateContact"/>
  <testcase name="createcontact" time="41.076" classname="testcases.contact.TC001_CreateContact"/>
</testsuite> <!-- testcases.contact.TC001_CreateContact -->
