<?xml version="1.0" encoding="UTF-8"?>
<!-- Generated by org.testng.reporters.JUnitReportReporter -->
<testsuite hostname="11276-MAA" name="testcases.TC003_CreateLeadPositive" tests="2" failures="0" timestamp="11 Jan 2018 08:47:31 GMT" time="70.996" errors="0">
  <testcase name="createlead" time="30.814" classname="testcases.TC003_CreateLeadPositive"/>
  <testcase name="createlead" time="40.182" classname="testcases.TC003_CreateLeadPositive"/>
</testsuite> <!-- testcases.TC003_CreateLeadPositive -->
