<?xml version="1.0" encoding="UTF-8"?>
<!-- Generated by org.testng.reporters.JUnitReportReporter -->
<testsuite hostname="MAA018013A" failures="0" tests="1" name="iTestcases.AdminWithChallengeSystem" time="0.147" errors="1" timestamp="2024-03-13T12:04:18 IST" skipped="0">
  <testcase classname="iTestcases.AdminWithChallengeSystem" name="adminWithChallenge" time="0.147">
    <error message="
[public void iTestcases.AdminWithChallengeSystem.adminWithChallenge(java.lang.String,java.lang.String,java.lang.String,java.lang.String,java.lang.String,java.lang.String,java.lang.String,java.lang.String,java.lang.String,java.lang.String,java.lang.String) throws java.lang.InterruptedException,java.io.IOException] has no parameters defined but was found to be using a data provider (either explicitly specified or inherited from class level annotation).
Data provider mismatch
Method: adminWithChallenge([java.lang.String arg0, java.lang.String arg1, java.lang.String arg2, java.lang.String arg3, java.lang.String arg4, java.lang.String arg5, java.lang.String arg6, java.lang.String arg7, java.lang.String arg8, java.lang.String arg9, java.lang.String arg10])
Arguments: [(java.lang.String) http://202.191.132.32/postCommon//adminlogin.php,(java.lang.String) biharadmin,(java.lang.String) biharadmin,(java.lang.String) http://demo.sifyitest.com/UAT/bsebregjan24/ccgsa_mar24/login.php?appid=7fabd16052e714f8ee0510ecbcb4608c,(java.lang.String) 02_03_2024,(java.lang.String) 1000,(java.lang.String) 1053,(java.lang.String) 920117277,(java.lang.String) 03021991,(java.lang.String) 02-03-2024,(java.lang.String) http://202.191.132.32/postExam/qp_check_dashboard.php?exam=Y3R0Y3MyMzQ1bWFyMjAyNA==,(java.lang.String) http://202.191.132.32/postExam/reportsFile/audit_report.php]" type="org.testng.internal.reflect.MethodMatcherException">
      <![CDATA[org.testng.internal.reflect.MethodMatcherException: 
[public void iTestcases.AdminWithChallengeSystem.adminWithChallenge(java.lang.String,java.lang.String,java.lang.String,java.lang.String,java.lang.String,java.lang.String,java.lang.String,java.lang.String,java.lang.String,java.lang.String,java.lang.String) throws java.lang.InterruptedException,java.io.IOException] has no parameters defined but was found to be using a data provider (either explicitly specified or inherited from class level annotation).
Data provider mismatch
Method: adminWithChallenge([java.lang.String arg0, java.lang.String arg1, java.lang.String arg2, java.lang.String arg3, java.lang.String arg4, java.lang.String arg5, java.lang.String arg6, java.lang.String arg7, java.lang.String arg8, java.lang.String arg9, java.lang.String arg10])
Arguments: [(java.lang.String) http://202.191.132.32/postCommon//adminlogin.php,(java.lang.String) biharadmin,(java.lang.String) biharadmin,(java.lang.String) http://demo.sifyitest.com/UAT/bsebregjan24/ccgsa_mar24/login.php?appid=7fabd16052e714f8ee0510ecbcb4608c,(java.lang.String) 02_03_2024,(java.lang.String) 1000,(java.lang.String) 1053,(java.lang.String) 920117277,(java.lang.String) 03021991,(java.lang.String) 02-03-2024,(java.lang.String) http://202.191.132.32/postExam/qp_check_dashboard.php?exam=Y3R0Y3MyMzQ1bWFyMjAyNA==,(java.lang.String) http://202.191.132.32/postExam/reportsFile/audit_report.php]
at org.testng.internal.reflect.DataProviderMethodMatcher.getConformingArguments(DataProviderMethodMatcher.java:46)
at org.testng.internal.Parameters.injectParameters(Parameters.java:909)
at org.testng.internal.invokers.MethodRunner.runInSequence(MethodRunner.java:37)
at org.testng.internal.invokers.TestInvoker$MethodInvocationAgent.invoke(TestInvoker.java:957)
at org.testng.internal.invokers.TestInvoker.invokeTestMethods(TestInvoker.java:200)
at org.testng.internal.invokers.TestMethodWorker.invokeTestMethods(TestMethodWorker.java:148)
at org.testng.internal.invokers.TestMethodWorker.run(TestMethodWorker.java:128)
at java.base/java.util.ArrayList.forEach(ArrayList.java:1541)
at org.testng.TestRunner.privateRun(TestRunner.java:848)
at org.testng.TestRunner.run(TestRunner.java:621)
at org.testng.SuiteRunner.runTest(SuiteRunner.java:443)
at org.testng.SuiteRunner.runSequentially(SuiteRunner.java:437)
at org.testng.SuiteRunner.privateRun(SuiteRunner.java:397)
at org.testng.SuiteRunner.run(SuiteRunner.java:336)
at org.testng.SuiteRunnerWorker.runSuite(SuiteRunnerWorker.java:52)
at org.testng.SuiteRunnerWorker.run(SuiteRunnerWorker.java:95)
at org.testng.TestNG.runSuitesSequentially(TestNG.java:1280)
at org.testng.TestNG.runSuitesLocally(TestNG.java:1200)
at org.testng.TestNG.runSuites(TestNG.java:1114)
at org.testng.TestNG.run(TestNG.java:1082)
at org.testng.remote.AbstractRemoteTestNG.run(AbstractRemoteTestNG.java:115)
at org.testng.remote.RemoteTestNG.initAndRun(RemoteTestNG.java:251)
at org.testng.remote.RemoteTestNG.main(RemoteTestNG.java:77)
]]>
    </error>
  </testcase> <!-- adminWithChallenge -->
</testsuite> <!-- iTestcases.AdminWithChallengeSystem -->
