<?xml version="1.0" encoding="UTF-8"?>
<!-- Generated by org.testng.reporters.JUnitReportReporter -->
<testsuite skipped="0" hostname="MAA011276A" name="testcases.BrokenLinkCheck" tests="17" failures="0" timestamp="12 Jun 2018 12:56:25 GMT" time="635.497" errors="0">
  <testcase name="adminLogin" time="32.162" classname="testcases.BrokenLinkCheck"/>
  <testcase name="adminLogin" time="31.201" classname="testcases.BrokenLinkCheck"/>
  <testcase name="adminLogin" time="35.879" classname="testcases.BrokenLinkCheck"/>
  <testcase name="adminLogin" time="39.088" classname="testcases.BrokenLinkCheck"/>
  <testcase name="adminLogin" time="39.936" classname="testcases.BrokenLinkCheck"/>
  <testcase name="adminLogin" time="40.645" classname="testcases.BrokenLinkCheck"/>
  <testcase name="adminLogin" time="34.307" classname="testcases.BrokenLinkCheck"/>
  <testcase name="adminLogin" time="36.770" classname="testcases.BrokenLinkCheck"/>
  <testcase name="adminLogin" time="48.329" classname="testcases.BrokenLinkCheck"/>
  <testcase name="adminLogin" time="29.594" classname="testcases.BrokenLinkCheck"/>
  <testcase name="adminLogin" time="34.326" classname="testcases.BrokenLinkCheck"/>
  <testcase name="adminLogin" time="36.844" classname="testcases.BrokenLinkCheck"/>
  <testcase name="adminLogin" time="36.390" classname="testcases.BrokenLinkCheck"/>
  <testcase name="adminLogin" time="36.432" classname="testcases.BrokenLinkCheck"/>
  <testcase name="adminLogin" time="40.620" classname="testcases.BrokenLinkCheck"/>
  <testcase name="adminLogin" time="38.704" classname="testcases.BrokenLinkCheck"/>
  <testcase name="adminLogin" time="44.270" classname="testcases.BrokenLinkCheck"/>
</testsuite> <!-- testcases.BrokenLinkCheck -->
