<?xml version="1.0" encoding="UTF-8"?>
<!-- Generated by org.testng.reporters.JUnitReportReporter -->
<testsuite hostname="MAA018013A" failures="0" tests="9" name="iTestcasesForCaptcha.AdminWithChallengeSystem" time="2484.007" errors="0" timestamp="2024-11-15T12:38:29 IST" skipped="0">
  <testcase classname="iTestcasesForCaptcha.AdminWithChallengeSystem" name="adminWithChallenge" time="347.697"/>
  <testcase classname="iTestcasesForCaptcha.AdminWithChallengeSystem" name="adminWithChallenge" time="168.384"/>
  <testcase classname="iTestcasesForCaptcha.AdminWithChallengeSystem" name="adminWithChallenge" time="270.170"/>
  <testcase classname="iTestcasesForCaptcha.AdminWithChallengeSystem" name="adminWithChallenge" time="173.130"/>
  <testcase classname="iTestcasesForCaptcha.AdminWithChallengeSystem" name="adminWithChallenge" time="362.296"/>
  <testcase classname="iTestcasesForCaptcha.AdminWithChallengeSystem" name="adminWithChallenge" time="331.613"/>
  <testcase classname="iTestcasesForCaptcha.AdminWithChallengeSystem" name="adminWithChallenge" time="261.100"/>
  <testcase classname="iTestcasesForCaptcha.AdminWithChallengeSystem" name="adminWithChallenge" time="278.371"/>
  <testcase classname="iTestcasesForCaptcha.AdminWithChallengeSystem" name="adminWithChallenge" time="291.246"/>
</testsuite> <!-- iTestcasesForCaptcha.AdminWithChallengeSystem -->
