<?xml version="1.0" encoding="UTF-8"?>
<!-- Generated by org.testng.reporters.JUnitReportReporter -->
<testsuite hostname="MAA017995A" failures="0" tests="10" name="iTestcasesForCaptcha.FinalFormat" time="568.273" errors="0" timestamp="2024-08-22T13:08:15 IST" skipped="0">
  <testcase classname="iTestcasesForCaptcha.FinalFormat" name="adminLogin" time="58.576"/>
  <system-out/>
  <testcase classname="iTestcasesForCaptcha.FinalFormat" name="adminLogin" time="56.279"/>
  <system-out/>
  <testcase classname="iTestcasesForCaptcha.FinalFormat" name="adminLogin" time="57.396"/>
  <system-out/>
  <testcase classname="iTestcasesForCaptcha.FinalFormat" name="adminLogin" time="61.299"/>
  <system-out/>
  <testcase classname="iTestcasesForCaptcha.FinalFormat" name="adminLogin" time="55.848"/>
  <system-out/>
  <testcase classname="iTestcasesForCaptcha.FinalFormat" name="adminLogin" time="55.651"/>
  <system-out/>
  <testcase classname="iTestcasesForCaptcha.FinalFormat" name="adminLogin" time="56.348"/>
  <system-out/>
  <testcase classname="iTestcasesForCaptcha.FinalFormat" name="adminLogin" time="55.664"/>
  <system-out/>
  <testcase classname="iTestcasesForCaptcha.FinalFormat" name="adminLogin" time="55.495"/>
  <system-out/>
  <testcase classname="iTestcasesForCaptcha.FinalFormat" name="adminLogin" time="55.717"/>
  <system-out/>
</testsuite> <!-- iTestcasesForCaptcha.FinalFormat -->
