<?xml version="1.0" encoding="UTF-8"?>
<!-- Generated by org.testng.reporters.JUnitReportReporter -->
<testsuite skipped="0" hostname="MAA011276A" name="testcasesForExcel.AdminWithChallengeSystem" tests="2" failures="0" timestamp="13 Jun 2018 17:04:31 GMT" time="91.159" errors="0">
  <testcase name="adminWithChallenge" time="39.201" classname="testcasesForExcel.AdminWithChallengeSystem"/>
  <testcase name="adminWithChallenge" time="51.958" classname="testcasesForExcel.AdminWithChallengeSystem"/>
</testsuite> <!-- testcasesForExcel.AdminWithChallengeSystem -->
