<?xml version="1.0" encoding="UTF-8"?>
<!-- Generated by org.testng.reporters.JUnitReportReporter -->
<testsuite skipped="0" hostname="MAA014482A" name="iTestcasesForCaptcha.ChallengeSystemTable" tests="1" failures="0" timestamp="09 Jan 2019 08:37:14 GMT" time="50.922" errors="1">
  <testcase name="adminWithChallenge" time="50.922" classname="iTestcasesForCaptcha.ChallengeSystemTable">
    <error type="org.openqa.selenium.NoSuchElementException" message="Unable to locate element: {&quot;method&quot;:&quot;xpath&quot;,&quot;selector&quot;:&quot;((//table[@class=&#039;table candidatedetails&#039;])[2]/tbody/tr)[5]/td[2]&quot;}
Command duration or timeout: 0 milliseconds">
      <![CDATA[org.openqa.selenium.NoSuchElementException: Unable to locate element: {"method":"xpath","selector":"((//table[@class='table candidatedetails'])[2]/tbody/tr)[5]/td[2]"}
Command duration or timeout: 0 milliseconds
at sun.reflect.GeneratedConstructorAccessor21.newInstance(Unknown Source)
at sun.reflect.DelegatingConstructorAccessorImpl.newInstance(Unknown Source)
at java.lang.reflect.Constructor.newInstance(Unknown Source)
at org.openqa.selenium.remote.ErrorHandler.createThrowable(ErrorHandler.java:214)
at org.openqa.selenium.remote.ErrorHandler.throwIfResponseFailed(ErrorHandler.java:166)
at org.openqa.selenium.remote.http.JsonHttpResponseCodec.reconstructValue(JsonHttpResponseCodec.java:40)
at org.openqa.selenium.remote.http.AbstractHttpResponseCodec.decode(AbstractHttpResponseCodec.java:80)
at org.openqa.selenium.remote.http.AbstractHttpResponseCodec.decode(AbstractHttpResponseCodec.java:44)
at org.openqa.selenium.remote.HttpCommandExecutor.execute(HttpCommandExecutor.java:158)
at org.openqa.selenium.remote.service.DriverCommandExecutor.execute(DriverCommandExecutor.java:83)
at org.openqa.selenium.remote.RemoteWebDriver.execute(RemoteWebDriver.java:545)
at org.openqa.selenium.remote.RemoteWebDriver.findElement(RemoteWebDriver.java:319)
at org.openqa.selenium.remote.RemoteWebDriver.findElementByXPath(RemoteWebDriver.java:421)
at iTestMethodsForCaptcha.iTestMethods2.tableChallengeSystem(iTestMethods2.java:4010)
at iTestcasesForCaptcha.ChallengeSystemTable.adminWithChallenge(ChallengeSystemTable.java:27)
at sun.reflect.NativeMethodAccessorImpl.invoke0(Native Method)
at sun.reflect.NativeMethodAccessorImpl.invoke(Unknown Source)
at sun.reflect.DelegatingMethodAccessorImpl.invoke(Unknown Source)
at java.lang.reflect.Method.invoke(Unknown Source)
at org.testng.internal.MethodInvocationHelper.invokeMethod(MethodInvocationHelper.java:124)
at org.testng.internal.Invoker.invokeMethod(Invoker.java:583)
at org.testng.internal.Invoker.invokeTestMethod(Invoker.java:719)
at org.testng.internal.Invoker.invokeTestMethods(Invoker.java:989)
at org.testng.internal.TestMethodWorker.invokeTestMethods(TestMethodWorker.java:125)
at org.testng.internal.TestMethodWorker.run(TestMethodWorker.java:109)
at org.testng.TestRunner.privateRun(TestRunner.java:648)
at org.testng.TestRunner.run(TestRunner.java:505)
at org.testng.SuiteRunner.runTest(SuiteRunner.java:455)
at org.testng.SuiteRunner.runSequentially(SuiteRunner.java:450)
at org.testng.SuiteRunner.privateRun(SuiteRunner.java:415)
at org.testng.SuiteRunner.run(SuiteRunner.java:364)
at org.testng.SuiteRunnerWorker.runSuite(SuiteRunnerWorker.java:52)
at org.testng.SuiteRunnerWorker.run(SuiteRunnerWorker.java:84)
at org.testng.TestNG.runSuitesSequentially(TestNG.java:1208)
at org.testng.TestNG.runSuitesLocally(TestNG.java:1137)
at org.testng.TestNG.runSuites(TestNG.java:1049)
at org.testng.TestNG.run(TestNG.java:1017)
at org.testng.remote.AbstractRemoteTestNG.run(AbstractRemoteTestNG.java:114)
at org.testng.remote.RemoteTestNG.initAndRun(RemoteTestNG.java:251)
at org.testng.remote.RemoteTestNG.main(RemoteTestNG.java:77)
Caused by: org.openqa.selenium.NoSuchElementException: Unable to locate element: {"method":"xpath","selector":"((//table[@class='table candidatedetails'])[2]/tbody/tr)[5]/td[2]"}
For documentation on this error, please visit: http://seleniumhq.org/exceptions/no_such_element.html
Build info: version: '3.11.0', revision: 'e59cfb3', time: '2018-03-11T20:26:55.152Z'
System info: host: 'MAA014482A', ip: '210.210.127.32', os.name: 'Windows 10', os.arch: 'amd64', os.version: '10.0', java.version: '1.8.0_131'
Driver info: driver.version: unknown
at <anonymous class>.FirefoxDriver.prototype.findElementInternal_(file:///C:/Users/014482/AppData/Local/Temp/anonymous4367849890886037332webdriver-profile/extensions/fxdriver@googlecode.com/components/driver-component.js:11884)
at <anonymous class>.FirefoxDriver.prototype.findElement(file:///C:/Users/014482/AppData/Local/Temp/anonymous4367849890886037332webdriver-profile/extensions/fxdriver@googlecode.com/components/driver-component.js:11893)
at <anonymous class>.DelayedCommand.prototype.executeInternal_/k(file:///C:/Users/014482/AppData/Local/Temp/anonymous4367849890886037332webdriver-profile/extensions/fxdriver@googlecode.com/components/command-processor.js:13390)
at <anonymous class>.DelayedCommand.prototype.executeInternal_(file:///C:/Users/014482/AppData/Local/Temp/anonymous4367849890886037332webdriver-profile/extensions/fxdriver@googlecode.com/components/command-processor.js:13395)
at <anonymous class>.DelayedCommand.prototype.execute/<(file:///C:/Users/014482/AppData/Local/Temp/anonymous4367849890886037332webdriver-profile/extensions/fxdriver@googlecode.com/components/command-processor.js:13337)
]]>
    </error>
  </testcase> <!-- adminWithChallenge -->
</testsuite> <!-- iTestcasesForCaptcha.ChallengeSystemTable -->
