<?xml version="1.0" encoding="UTF-8"?>
<!-- Generated by org.testng.reporters.JUnitReportReporter -->
<testsuite skipped="0" hostname="MAA011276A" name="testcasesForExcel.ChallengeSystemWithMaster" tests="2" failures="0" timestamp="13 Jun 2018 17:08:39 GMT" time="149.686" errors="0">
  <testcase name="challengeSystemWithMaster" time="88.273" classname="testcasesForExcel.ChallengeSystemWithMaster"/>
  <testcase name="challengeSystemWithMaster" time="61.413" classname="testcasesForExcel.ChallengeSystemWithMaster"/>
</testsuite> <!-- testcasesForExcel.ChallengeSystemWithMaster -->
