<?xml version="1.0" encoding="UTF-8"?>
<!-- Generated by org.testng.reporters.JUnitReportReporter -->
<testsuite hostname="MAA018013A" failures="0" tests="5" name="iTestcasesForCaptcha.ChallengeSystemWithMaster" time="1543.791" errors="0" timestamp="2024-10-21T17:25:17 IST" skipped="0">
  <testcase classname="iTestcasesForCaptcha.ChallengeSystemWithMaster" name="challengeSystemWithMaster" time="391.101"/>
  <testcase classname="iTestcasesForCaptcha.ChallengeSystemWithMaster" name="challengeSystemWithMaster" time="224.681"/>
  <testcase classname="iTestcasesForCaptcha.ChallengeSystemWithMaster" name="challengeSystemWithMaster" time="245.319"/>
  <testcase classname="iTestcasesForCaptcha.ChallengeSystemWithMaster" name="challengeSystemWithMaster" time="228.312"/>
  <testcase classname="iTestcasesForCaptcha.ChallengeSystemWithMaster" name="challengeSystemWithMaster" time="454.378"/>
</testsuite> <!-- iTestcasesForCaptcha.ChallengeSystemWithMaster -->
