<?xml version="1.0" encoding="UTF-8"?>
<!-- Generated by org.testng.reporters.JUnitReportReporter -->
<testsuite skipped="0" hostname="MAA014482A" name="iTestcasesForCaptcha.CompleteComparisonCSM" tests="2" failures="0" timestamp="28 Aug 2018 12:25:59 GMT" time="124.911" errors="0">
  <testcase name="completeComparisonCSM" time="62.369" classname="iTestcasesForCaptcha.CompleteComparisonCSM"/>
  <testcase name="completeComparisonCSM" time="62.542" classname="iTestcasesForCaptcha.CompleteComparisonCSM"/>
</testsuite> <!-- iTestcasesForCaptcha.CompleteComparisonCSM -->
